<?xml version="1.0" encoding="UTF-8"?>
<!-- Generated by org.testng.reporters.JUnitReportReporter -->
<testsuite hostname="user-PC" name="example.NewTest" tests="1" failures="0" timestamp="21 Jan 2018 04:00:12 GMT" time="7.054" errors="0">
  <testcase name="testEasy" time="7.054" classname="example.NewTest"/>
</testsuite> <!-- example.NewTest -->
