<?xml version="1.0" encoding="UTF-8"?>
<!-- Generated by org.testng.reporters.JUnitReportReporter -->
<testsuite hostname="user-PC" name="example.NewTest" tests="1" failures="0" timestamp="17 Feb 2018 11:00:55 GMT" time="6.192" errors="0">
  <testcase name="testEasy" time="6.192" classname="example.NewTest"/>
</testsuite> <!-- example.NewTest -->
